app/build/intermediates/manifest_merge_blame_file/debug/manifest-merger-blame-debug-report.txt
1<?xml version="1.0" encoding="utf-8"?>
2<manifest xmlns:android="http://schemas.android.com/apk/res/android"
3    package="com.example.testapp"
4    android:versionCode="1"
5    android:versionName="0.1.0" >
6
7    <uses-sdk
8        android:minSdkVersion="21"
8-->src/main/AndroidManifest.xml
9        android:targetSdkVersion="30" />
9-->src/main/AndroidManifest.xml
10
11    <uses-permission android:name="android.permission.INTERNET" />
11-->src/main/AndroidManifest.xml:5:5-66
11-->src/main/AndroidManifest.xml:5:22-64
12
13    <uses-feature android:name="android.hardware.camera.any" />
13-->src/main/AndroidManifest.xml:6:5-64
13-->src/main/AndroidManifest.xml:6:19-61
14
15    <uses-permission android:name="android.permission.CAMERA" />
15-->src/main/AndroidManifest.xml:7:5-65
15-->src/main/AndroidManifest.xml:7:22-62
16
17    <!-- Although the *SdkVersion is captured in gradle build files, this is required for non gradle builds -->
18    <!-- <uses-sdk android:minSdkVersion="14"/> -->
19    <uses-permission android:name="android.permission.ACCESS_NETWORK_STATE" />
19-->[com.google.android.datatransport:transport-backend-cct:2.3.3] AndroidManifest.xml:25:5-79
19-->[com.google.android.datatransport:transport-backend-cct:2.3.3] AndroidManifest.xml:25:22-76
20
21    <application
21-->src/main/AndroidManifest.xml:9:5-29:19
22        android:allowBackup="true"
22-->src/main/AndroidManifest.xml:10:9-35
23        android:appComponentFactory="androidx.core.app.CoreComponentFactory"
23-->[androidx.core:core:1.5.0] AndroidManifest.xml:24:18-86
24        android:debuggable="true"
25        android:icon="@mipmap/ic_launcher"
25-->src/main/AndroidManifest.xml:11:9-43
26        android:label="@string/app_name"
26-->src/main/AndroidManifest.xml:12:9-41
27        android:roundIcon="@mipmap/ic_launcher_round"
27-->src/main/AndroidManifest.xml:13:9-54
28        android:supportsRtl="true"
28-->src/main/AndroidManifest.xml:14:9-35
29        android:testOnly="true"
30        android:theme="@style/Theme.TestApp" >
30-->src/main/AndroidManifest.xml:15:9-45
31        <meta-data
31-->src/main/AndroidManifest.xml:17:9-19:40
32            android:name="com.google.mlkit.vision.DEPENDENCIES"
32-->src/main/AndroidManifest.xml:18:13-64
33            android:value="ocr,face" />
33-->src/main/AndroidManifest.xml:19:13-37
34
35        <activity android:name="com.example.testapp.CameraActivity" />
35-->src/main/AndroidManifest.xml:21:9-51
35-->src/main/AndroidManifest.xml:21:19-49
36        <activity android:name="com.example.testapp.MainActivity" >
36-->src/main/AndroidManifest.xml:22:9-28:20
36-->src/main/AndroidManifest.xml:22:19-47
37            <intent-filter>
37-->src/main/AndroidManifest.xml:23:13-27:29
38                <action android:name="android.intent.action.MAIN" />
38-->src/main/AndroidManifest.xml:24:17-69
38-->src/main/AndroidManifest.xml:24:25-66
39
40                <category android:name="android.intent.category.LAUNCHER" />
40-->src/main/AndroidManifest.xml:26:17-77
40-->src/main/AndroidManifest.xml:26:27-74
41            </intent-filter>
42        </activity>
43        <activity
43-->[:sdk] AndroidManifest.xml:10:9-13:72
44            android:name="com.example.sdk.document.DocumentDetectionActivity"
44-->[:sdk] AndroidManifest.xml:11:13-78
45            android:screenOrientation="portrait"
45-->[:sdk] AndroidManifest.xml:12:13-49
46            android:theme="@style/Theme.AppCompat.Light.NoActionBar" />
46-->[:sdk] AndroidManifest.xml:13:13-69
47        <activity
47-->[:sdk] AndroidManifest.xml:14:9-17:72
48            android:name="com.example.sdk.face.FaceDetectionActivity"
48-->[:sdk] AndroidManifest.xml:15:13-70
49            android:screenOrientation="portrait"
49-->[:sdk] AndroidManifest.xml:16:13-49
50            android:theme="@style/Theme.AppCompat.Light.NoActionBar" />
50-->[:sdk] AndroidManifest.xml:17:13-69
51
52        <service
52-->[com.google.android.gms:play-services-mlkit-face-detection:16.2.1] AndroidManifest.xml:9:9-15:19
53            android:name="com.google.mlkit.common.internal.MlKitComponentDiscoveryService"
53-->[com.google.android.gms:play-services-mlkit-face-detection:16.2.1] AndroidManifest.xml:10:13-91
54            android:directBootAware="true"
54-->[com.google.mlkit:common:17.5.0] AndroidManifest.xml:17:13-43
55            android:exported="false" >
55-->[com.google.android.gms:play-services-mlkit-face-detection:16.2.1] AndroidManifest.xml:11:13-37
56            <meta-data
56-->[com.google.android.gms:play-services-mlkit-face-detection:16.2.1] AndroidManifest.xml:12:13-14:85
57                android:name="com.google.firebase.components:com.google.mlkit.vision.face.internal.FaceRegistrar"
57-->[com.google.android.gms:play-services-mlkit-face-detection:16.2.1] AndroidManifest.xml:13:17-114
58                android:value="com.google.firebase.components.ComponentRegistrar" />
58-->[com.google.android.gms:play-services-mlkit-face-detection:16.2.1] AndroidManifest.xml:14:17-82
59            <meta-data
59-->[com.google.android.gms:play-services-mlkit-text-recognition-common:16.1.0] AndroidManifest.xml:12:13-14:85
60                android:name="com.google.firebase.components:com.google.mlkit.vision.text.internal.TextRegistrar"
60-->[com.google.android.gms:play-services-mlkit-text-recognition-common:16.1.0] AndroidManifest.xml:13:17-114
61                android:value="com.google.firebase.components.ComponentRegistrar" />
61-->[com.google.android.gms:play-services-mlkit-text-recognition-common:16.1.0] AndroidManifest.xml:14:17-82
62            <meta-data
62-->[com.google.mlkit:vision-common:16.7.0] AndroidManifest.xml:12:13-14:85
63                android:name="com.google.firebase.components:com.google.mlkit.vision.common.internal.VisionCommonRegistrar"
63-->[com.google.mlkit:vision-common:16.7.0] AndroidManifest.xml:13:17-124
64                android:value="com.google.firebase.components.ComponentRegistrar" />
64-->[com.google.mlkit:vision-common:16.7.0] AndroidManifest.xml:14:17-82
65            <meta-data
65-->[com.google.mlkit:common:17.5.0] AndroidManifest.xml:20:13-22:85
66                android:name="com.google.firebase.components:com.google.mlkit.common.internal.CommonComponentRegistrar"
66-->[com.google.mlkit:common:17.5.0] AndroidManifest.xml:21:17-120
67                android:value="com.google.firebase.components.ComponentRegistrar" />
67-->[com.google.mlkit:common:17.5.0] AndroidManifest.xml:22:17-82
68        </service>
69
70        <provider
70-->[com.google.mlkit:common:17.5.0] AndroidManifest.xml:9:9-13:38
71            android:name="com.google.mlkit.common.internal.MlKitInitProvider"
71-->[com.google.mlkit:common:17.5.0] AndroidManifest.xml:10:13-78
72            android:authorities="com.example.testapp.mlkitinitprovider"
72-->[com.google.mlkit:common:17.5.0] AndroidManifest.xml:11:13-69
73            android:exported="false"
73-->[com.google.mlkit:common:17.5.0] AndroidManifest.xml:12:13-37
74            android:initOrder="99" />
74-->[com.google.mlkit:common:17.5.0] AndroidManifest.xml:13:13-35
75
76        <activity
76-->[com.google.android.gms:play-services-base:17.6.0] AndroidManifest.xml:23:9-26:75
77            android:name="com.google.android.gms.common.api.GoogleApiActivity"
77-->[com.google.android.gms:play-services-base:17.6.0] AndroidManifest.xml:24:13-79
78            android:exported="false"
78-->[com.google.android.gms:play-services-base:17.6.0] AndroidManifest.xml:25:13-37
79            android:theme="@android:style/Theme.Translucent.NoTitleBar" />
79-->[com.google.android.gms:play-services-base:17.6.0] AndroidManifest.xml:26:13-72
80
81        <meta-data
81-->[com.google.android.gms:play-services-basement:17.6.0] AndroidManifest.xml:23:9-25:69
82            android:name="com.google.android.gms.version"
82-->[com.google.android.gms:play-services-basement:17.6.0] AndroidManifest.xml:24:13-58
83            android:value="@integer/google_play_services_version" />
83-->[com.google.android.gms:play-services-basement:17.6.0] AndroidManifest.xml:25:13-66
84
85        <service
85-->[com.google.android.datatransport:transport-backend-cct:2.3.3] AndroidManifest.xml:29:9-35:19
86            android:name="com.google.android.datatransport.runtime.backends.TransportBackendDiscovery"
86-->[com.google.android.datatransport:transport-backend-cct:2.3.3] AndroidManifest.xml:30:13-103
87            android:exported="false" >
87-->[com.google.android.datatransport:transport-backend-cct:2.3.3] AndroidManifest.xml:31:13-37
88            <meta-data
88-->[com.google.android.datatransport:transport-backend-cct:2.3.3] AndroidManifest.xml:32:13-34:39
89                android:name="backend:com.google.android.datatransport.cct.CctBackendFactory"
89-->[com.google.android.datatransport:transport-backend-cct:2.3.3] AndroidManifest.xml:33:17-94
90                android:value="cct" />
90-->[com.google.android.datatransport:transport-backend-cct:2.3.3] AndroidManifest.xml:34:17-36
91        </service>
92        <service
92-->[com.google.android.datatransport:transport-runtime:2.2.6] AndroidManifest.xml:26:9-30:19
93            android:name="com.google.android.datatransport.runtime.scheduling.jobscheduling.JobInfoSchedulerService"
93-->[com.google.android.datatransport:transport-runtime:2.2.6] AndroidManifest.xml:27:13-117
94            android:exported="false"
94-->[com.google.android.datatransport:transport-runtime:2.2.6] AndroidManifest.xml:28:13-37
95            android:permission="android.permission.BIND_JOB_SERVICE" >
95-->[com.google.android.datatransport:transport-runtime:2.2.6] AndroidManifest.xml:29:13-69
96        </service>
97
98        <receiver
98-->[com.google.android.datatransport:transport-runtime:2.2.6] AndroidManifest.xml:32:9-34:40
99            android:name="com.google.android.datatransport.runtime.scheduling.jobscheduling.AlarmManagerSchedulerBroadcastReceiver"
99-->[com.google.android.datatransport:transport-runtime:2.2.6] AndroidManifest.xml:33:13-132
100            android:exported="false" />
100-->[com.google.android.datatransport:transport-runtime:2.2.6] AndroidManifest.xml:34:13-37
101    </application>
102
103</manifest>